============================= test session starts ==============================
platform linux -- Python 3.11.6, pytest-7.4.4, pluggy-1.3.0
rootdir: /home/williamh/PycharmProjects/spt-reporting
collected 0 items / 1 error

==================================== ERRORS ====================================
_____________________ ERROR collecting tests/test_main.py ______________________
ImportError while importing test module '/home/williamh/PycharmProjects/spt-reporting/tests/test_main.py'.
Hint: make sure your test modules/packages have valid Python names.
Traceback:
/usr/lib/python3.11/importlib/__init__.py:126: in import_module
    return _bootstrap._gcd_import(name[level:], package, level)
tests/test_main.py:5: in <module>
    from your_main_module import YourMainWindowClass
E   ModuleNotFoundError: No module named 'your_main_module'
=========================== short test summary info ============================
ERROR tests/test_main.py
!!!!!!!!!!!!!!!!!!!! Interrupted: 1 error during collection !!!!!!!!!!!!!!!!!!!!
=============================== 1 error in 0.08s ===============================
